
*** Running vivado
    with args -log system_clk_wiz_0_0.vds -m64 -product Vivado -mode batch -messageDb vivado.pb -notrace -source system_clk_wiz_0_0.tcl



****** Vivado v2024.1 (64-bit)
  **** SW Build 5076996 on Wed May 22 18:37:14 MDT 2024
  **** IP Build 5075265 on Wed May 22 21:45:21 MDT 2024
  **** SharedData Build 5076995 on Wed May 22 18:29:18 MDT 2024
  **** Start of session at: Mon Feb 24 16:44:48 2025
    ** Copyright 1986-2022 Xilinx, Inc. All Rights Reserved.
    ** Copyright 2022-2024 Advanced Micro Devices, Inc. All Rights Reserved.

source system_clk_wiz_0_0.tcl -notrace
create_project: Time (s): cpu = 00:00:23 ; elapsed = 00:00:26 . Memory (MB): peak = 650.207 ; gain = 236.555
INFO: [IP_Flow 19-234] Refreshing IP repositories
INFO: [IP_Flow 19-1700] Loaded user IP repository 'c:/Users/socce/Downloads/Zybo-Z7-10-Pcam-5C-hw.xpr/Zybo-Z7-HW/Zybo-Z7-HW.ipdefs/repo'.
INFO: [IP_Flow 19-2313] Loaded Vivado IP repository 'C:/Xilinx/Vivado/2024.1/data/ip'.
WARNING: [IP_Flow 19-4995] The host OS only allows 260 characters in a normal path. The IP cache path is more than 80 characters. If you experience issues with IP caching, please consider changing the IP cache to a location with a shorter path. Alternately consider using the OS subst command to map part of the path to a drive letter. 
Current IP cache path is c:/Users/socce/Downloads/Zybo-Z7-10-Pcam-5C-hw.xpr/Zybo-Z7-HW/Zybo-Z7-HW.cache/ip 
INFO: [IP_Flow 19-6924] IPCACHE: Running cache check for IP inst: system_clk_wiz_0_0
Command: synth_design -top system_clk_wiz_0_0 -part xc7z010clg400-1 -incremental_mode off -mode out_of_context
Starting synth_design
Attempting to get a license for feature 'Synthesis' and/or device 'xc7z010'
INFO: [Common 17-349] Got license for feature 'Synthesis' and/or device 'xc7z010'
INFO: [Device 21-403] Loading part xc7z010clg400-1
INFO: [Device 21-9227] Part: xc7z010clg400-1 does not have CEAM library.
INFO: [Synth 8-7079] Multithreading enabled for synth_design using a maximum of 2 processes.
INFO: [Synth 8-7078] Launching helper process for spawning children vivado processes
INFO: [Synth 8-7075] Helper process launched with PID 15704
---------------------------------------------------------------------------------
Starting RTL Elaboration : Time (s): cpu = 00:00:16 ; elapsed = 00:00:18 . Memory (MB): peak = 1512.047 ; gain = 446.922
---------------------------------------------------------------------------------
INFO: [Synth 8-6157] synthesizing module 'system_clk_wiz_0_0' [c:/Users/socce/Downloads/Zybo-Z7-10-Pcam-5C-hw.xpr/Zybo-Z7-HW/Zybo-Z7-HW.gen/sources_1/bd/system/ip/system_clk_wiz_0_0/system_clk_wiz_0_0.v:67]
INFO: [Synth 8-6157] synthesizing module 'system_clk_wiz_0_0_clk_wiz' [c:/Users/socce/Downloads/Zybo-Z7-10-Pcam-5C-hw.xpr/Zybo-Z7-HW/Zybo-Z7-HW.gen/sources_1/bd/system/ip/system_clk_wiz_0_0/system_clk_wiz_0_0_clk_wiz.v:67]
INFO: [Synth 8-6157] synthesizing module 'BUFG' [C:/Xilinx/Vivado/2024.1/scripts/rt/data/unisim_comp.v:1951]
INFO: [Synth 8-6155] done synthesizing module 'BUFG' (0#1) [C:/Xilinx/Vivado/2024.1/scripts/rt/data/unisim_comp.v:1951]
INFO: [Synth 8-6157] synthesizing module 'MMCME2_ADV' [C:/Xilinx/Vivado/2024.1/scripts/rt/data/unisim_comp.v:82388]
	Parameter BANDWIDTH bound to: OPTIMIZED - type: string 
	Parameter CLKFBOUT_MULT_F bound to: 6.000000 - type: double 
	Parameter CLKFBOUT_PHASE bound to: 0.000000 - type: double 
	Parameter CLKFBOUT_USE_FINE_PS bound to: FALSE - type: string 
	Parameter CLKIN1_PERIOD bound to: 10.000000 - type: double 
	Parameter CLKOUT0_DIVIDE_F bound to: 12.000000 - type: double 
	Parameter CLKOUT0_DUTY_CYCLE bound to: 0.500000 - type: double 
	Parameter CLKOUT0_PHASE bound to: 0.000000 - type: double 
	Parameter CLKOUT0_USE_FINE_PS bound to: FALSE - type: string 
	Parameter CLKOUT1_DIVIDE bound to: 4 - type: integer 
	Parameter CLKOUT1_DUTY_CYCLE bound to: 0.500000 - type: double 
	Parameter CLKOUT1_PHASE bound to: 0.000000 - type: double 
	Parameter CLKOUT1_USE_FINE_PS bound to: FALSE - type: string 
	Parameter CLKOUT2_DIVIDE bound to: 3 - type: integer 
	Parameter CLKOUT2_DUTY_CYCLE bound to: 0.500000 - type: double 
	Parameter CLKOUT2_PHASE bound to: 0.000000 - type: double 
	Parameter CLKOUT2_USE_FINE_PS bound to: FALSE - type: string 
	Parameter CLKOUT4_CASCADE bound to: FALSE - type: string 
	Parameter COMPENSATION bound to: ZHOLD - type: string 
	Parameter DIVCLK_DIVIDE bound to: 1 - type: integer 
	Parameter STARTUP_WAIT bound to: FALSE - type: string 
INFO: [Synth 8-6155] done synthesizing module 'MMCME2_ADV' (0#1) [C:/Xilinx/Vivado/2024.1/scripts/rt/data/unisim_comp.v:82388]
INFO: [Synth 8-6155] done synthesizing module 'system_clk_wiz_0_0_clk_wiz' (0#1) [c:/Users/socce/Downloads/Zybo-Z7-10-Pcam-5C-hw.xpr/Zybo-Z7-HW/Zybo-Z7-HW.gen/sources_1/bd/system/ip/system_clk_wiz_0_0/system_clk_wiz_0_0_clk_wiz.v:67]
INFO: [Synth 8-6155] done synthesizing module 'system_clk_wiz_0_0' (0#1) [c:/Users/socce/Downloads/Zybo-Z7-10-Pcam-5C-hw.xpr/Zybo-Z7-HW/Zybo-Z7-HW.gen/sources_1/bd/system/ip/system_clk_wiz_0_0/system_clk_wiz_0_0.v:67]
---------------------------------------------------------------------------------
Finished RTL Elaboration : Time (s): cpu = 00:00:21 ; elapsed = 00:00:23 . Memory (MB): peak = 1626.758 ; gain = 561.633
---------------------------------------------------------------------------------
---------------------------------------------------------------------------------
Start Handling Custom Attributes
---------------------------------------------------------------------------------
---------------------------------------------------------------------------------
Finished Handling Custom Attributes : Time (s): cpu = 00:00:21 ; elapsed = 00:00:24 . Memory (MB): peak = 1626.758 ; gain = 561.633
---------------------------------------------------------------------------------
---------------------------------------------------------------------------------
Finished RTL Optimization Phase 1 : Time (s): cpu = 00:00:21 ; elapsed = 00:00:24 . Memory (MB): peak = 1626.758 ; gain = 561.633
---------------------------------------------------------------------------------
Netlist sorting complete. Time (s): cpu = 00:00:00 ; elapsed = 00:00:00.001 . Memory (MB): peak = 1626.758 ; gain = 0.000
INFO: [Netlist 29-17] Analyzing 1 Unisim elements for replacement
INFO: [Netlist 29-28] Unisim Transformation completed in 0 CPU seconds
INFO: [Project 1-570] Preparing netlist for logic optimization

Processing XDC Constraints
Initializing timing engine
Parsing XDC File [c:/Users/socce/Downloads/Zybo-Z7-10-Pcam-5C-hw.xpr/Zybo-Z7-HW/Zybo-Z7-HW.gen/sources_1/bd/system/ip/system_clk_wiz_0_0/system_clk_wiz_0_0_ooc.xdc] for cell 'inst'
Finished Parsing XDC File [c:/Users/socce/Downloads/Zybo-Z7-10-Pcam-5C-hw.xpr/Zybo-Z7-HW/Zybo-Z7-HW.gen/sources_1/bd/system/ip/system_clk_wiz_0_0/system_clk_wiz_0_0_ooc.xdc] for cell 'inst'
Parsing XDC File [c:/Users/socce/Downloads/Zybo-Z7-10-Pcam-5C-hw.xpr/Zybo-Z7-HW/Zybo-Z7-HW.gen/sources_1/bd/system/ip/system_clk_wiz_0_0/system_clk_wiz_0_0_board.xdc] for cell 'inst'
Finished Parsing XDC File [c:/Users/socce/Downloads/Zybo-Z7-10-Pcam-5C-hw.xpr/Zybo-Z7-HW/Zybo-Z7-HW.gen/sources_1/bd/system/ip/system_clk_wiz_0_0/system_clk_wiz_0_0_board.xdc] for cell 'inst'
Parsing XDC File [c:/Users/socce/Downloads/Zybo-Z7-10-Pcam-5C-hw.xpr/Zybo-Z7-HW/Zybo-Z7-HW.gen/sources_1/bd/system/ip/system_clk_wiz_0_0/system_clk_wiz_0_0.xdc] for cell 'inst'
Finished Parsing XDC File [c:/Users/socce/Downloads/Zybo-Z7-10-Pcam-5C-hw.xpr/Zybo-Z7-HW/Zybo-Z7-HW.gen/sources_1/bd/system/ip/system_clk_wiz_0_0/system_clk_wiz_0_0.xdc] for cell 'inst'
Parsing XDC File [C:/Users/socce/Downloads/Zybo-Z7-10-Pcam-5C-hw.xpr/Zybo-Z7-HW/Zybo-Z7-HW.runs/system_clk_wiz_0_0_synth_1/dont_touch.xdc]
Finished Parsing XDC File [C:/Users/socce/Downloads/Zybo-Z7-10-Pcam-5C-hw.xpr/Zybo-Z7-HW/Zybo-Z7-HW.runs/system_clk_wiz_0_0_synth_1/dont_touch.xdc]
Completed Processing XDC Constraints

Netlist sorting complete. Time (s): cpu = 00:00:00 ; elapsed = 00:00:00 . Memory (MB): peak = 1626.758 ; gain = 0.000
INFO: [Project 1-111] Unisim Transformation Summary:
No Unisim elements were transformed.

INFO: [Timing 38-2] Deriving generated clocks
Constraint Validation Runtime : Time (s): cpu = 00:00:00 ; elapsed = 00:00:00.100 . Memory (MB): peak = 1626.758 ; gain = 0.000
INFO: [Designutils 20-5008] Incremental synthesis strategy off
---------------------------------------------------------------------------------
Finished Constraint Validation : Time (s): cpu = 00:00:42 ; elapsed = 00:00:46 . Memory (MB): peak = 1626.758 ; gain = 561.633
---------------------------------------------------------------------------------
---------------------------------------------------------------------------------
Start Loading Part and Timing Information
---------------------------------------------------------------------------------
Loading part: xc7z010clg400-1
---------------------------------------------------------------------------------
Finished Loading Part and Timing Information : Time (s): cpu = 00:00:42 ; elapsed = 00:00:46 . Memory (MB): peak = 1626.758 ; gain = 561.633
---------------------------------------------------------------------------------
---------------------------------------------------------------------------------
Start Applying 'set_property' XDC Constraints
---------------------------------------------------------------------------------
Applied set_property KEEP_HIERARCHY = SOFT for inst. (constraint file  C:/Users/socce/Downloads/Zybo-Z7-10-Pcam-5C-hw.xpr/Zybo-Z7-HW/Zybo-Z7-HW.runs/system_clk_wiz_0_0_synth_1/dont_touch.xdc, line 9).
---------------------------------------------------------------------------------
Finished applying 'set_property' XDC Constraints : Time (s): cpu = 00:00:42 ; elapsed = 00:00:46 . Memory (MB): peak = 1626.758 ; gain = 561.633
---------------------------------------------------------------------------------
---------------------------------------------------------------------------------
Finished RTL Optimization Phase 2 : Time (s): cpu = 00:00:43 ; elapsed = 00:00:46 . Memory (MB): peak = 1626.758 ; gain = 561.633
---------------------------------------------------------------------------------
---------------------------------------------------------------------------------
Start RTL Component Statistics 
---------------------------------------------------------------------------------
Detailed RTL Component Info : 
---------------------------------------------------------------------------------
Finished RTL Component Statistics 
---------------------------------------------------------------------------------
---------------------------------------------------------------------------------
Start Part Resource Summary
---------------------------------------------------------------------------------
Part Resources:
DSPs: 80 (col length:40)
BRAMs: 120 (col length: RAMB18 40 RAMB36 20)
---------------------------------------------------------------------------------
Finished Part Resource Summary
---------------------------------------------------------------------------------
---------------------------------------------------------------------------------
Start Cross Boundary and Area Optimization
---------------------------------------------------------------------------------
WARNING: [Synth 8-7080] Parallel synthesis criteria is not met
---------------------------------------------------------------------------------
Finished Cross Boundary and Area Optimization : Time (s): cpu = 00:00:47 ; elapsed = 00:00:51 . Memory (MB): peak = 1626.758 ; gain = 561.633
---------------------------------------------------------------------------------
---------------------------------------------------------------------------------
Start Applying XDC Timing Constraints
---------------------------------------------------------------------------------
---------------------------------------------------------------------------------
Finished Applying XDC Timing Constraints : Time (s): cpu = 00:01:03 ; elapsed = 00:01:08 . Memory (MB): peak = 1626.758 ; gain = 561.633
---------------------------------------------------------------------------------
---------------------------------------------------------------------------------
Start Timing Optimization
---------------------------------------------------------------------------------
---------------------------------------------------------------------------------
Finished Timing Optimization : Time (s): cpu = 00:01:03 ; elapsed = 00:01:08 . Memory (MB): peak = 1626.758 ; gain = 561.633
---------------------------------------------------------------------------------
---------------------------------------------------------------------------------
Start Technology Mapping
---------------------------------------------------------------------------------
---------------------------------------------------------------------------------
Finished Technology Mapping : Time (s): cpu = 00:01:04 ; elapsed = 00:01:08 . Memory (MB): peak = 1626.758 ; gain = 561.633
---------------------------------------------------------------------------------
---------------------------------------------------------------------------------
Start IO Insertion
---------------------------------------------------------------------------------
---------------------------------------------------------------------------------
Start Flattening Before IO Insertion
---------------------------------------------------------------------------------
---------------------------------------------------------------------------------
Finished Flattening Before IO Insertion
---------------------------------------------------------------------------------
---------------------------------------------------------------------------------
Start Final Netlist Cleanup
---------------------------------------------------------------------------------
---------------------------------------------------------------------------------
Finished Final Netlist Cleanup
---------------------------------------------------------------------------------
---------------------------------------------------------------------------------
Finished IO Insertion : Time (s): cpu = 00:01:15 ; elapsed = 00:01:19 . Memory (MB): peak = 1626.758 ; gain = 561.633
---------------------------------------------------------------------------------
---------------------------------------------------------------------------------
Start Renaming Generated Instances
---------------------------------------------------------------------------------
---------------------------------------------------------------------------------
Finished Renaming Generated Instances : Time (s): cpu = 00:01:15 ; elapsed = 00:01:19 . Memory (MB): peak = 1626.758 ; gain = 561.633
---------------------------------------------------------------------------------
---------------------------------------------------------------------------------
Start Rebuilding User Hierarchy
---------------------------------------------------------------------------------
---------------------------------------------------------------------------------
Finished Rebuilding User Hierarchy : Time (s): cpu = 00:01:15 ; elapsed = 00:01:19 . Memory (MB): peak = 1626.758 ; gain = 561.633
---------------------------------------------------------------------------------
---------------------------------------------------------------------------------
Start Renaming Generated Ports
---------------------------------------------------------------------------------
---------------------------------------------------------------------------------
Finished Renaming Generated Ports : Time (s): cpu = 00:01:15 ; elapsed = 00:01:19 . Memory (MB): peak = 1626.758 ; gain = 561.633
---------------------------------------------------------------------------------
---------------------------------------------------------------------------------
Start Handling Custom Attributes
---------------------------------------------------------------------------------
---------------------------------------------------------------------------------
Finished Handling Custom Attributes : Time (s): cpu = 00:01:15 ; elapsed = 00:01:19 . Memory (MB): peak = 1626.758 ; gain = 561.633
---------------------------------------------------------------------------------
---------------------------------------------------------------------------------
Start Renaming Generated Nets
---------------------------------------------------------------------------------
---------------------------------------------------------------------------------
Finished Renaming Generated Nets : Time (s): cpu = 00:01:15 ; elapsed = 00:01:19 . Memory (MB): peak = 1626.758 ; gain = 561.633
---------------------------------------------------------------------------------
---------------------------------------------------------------------------------
Start Writing Synthesis Report
---------------------------------------------------------------------------------

Report BlackBoxes: 
+-+--------------+----------+
| |BlackBox name |Instances |
+-+--------------+----------+
+-+--------------+----------+

Report Cell Usage: 
+------+-----------+------+
|      |Cell       |Count |
+------+-----------+------+
|1     |BUFG       |     5|
|2     |MMCME2_ADV |     1|
+------+-----------+------+
---------------------------------------------------------------------------------
Finished Writing Synthesis Report : Time (s): cpu = 00:01:15 ; elapsed = 00:01:19 . Memory (MB): peak = 1626.758 ; gain = 561.633
---------------------------------------------------------------------------------
Synthesis finished with 0 errors, 0 critical warnings and 1 warnings.
Synthesis Optimization Runtime : Time (s): cpu = 00:00:48 ; elapsed = 00:01:14 . Memory (MB): peak = 1626.758 ; gain = 561.633
Synthesis Optimization Complete : Time (s): cpu = 00:01:15 ; elapsed = 00:01:20 . Memory (MB): peak = 1626.758 ; gain = 561.633
INFO: [Project 1-571] Translating synthesized netlist
Netlist sorting complete. Time (s): cpu = 00:00:00 ; elapsed = 00:00:00 . Memory (MB): peak = 1626.758 ; gain = 0.000
INFO: [Netlist 29-17] Analyzing 1 Unisim elements for replacement
INFO: [Netlist 29-28] Unisim Transformation completed in 0 CPU seconds
INFO: [Project 1-570] Preparing netlist for logic optimization
INFO: [Opt 31-138] Pushed 0 inverter(s) to 0 load pin(s).
Netlist sorting complete. Time (s): cpu = 00:00:00 ; elapsed = 00:00:00 . Memory (MB): peak = 1626.758 ; gain = 0.000
INFO: [Project 1-111] Unisim Transformation Summary:
No Unisim elements were transformed.

Synth Design complete | Checksum: 4c4dbdd8
INFO: [Common 17-83] Releasing license: Synthesis
31 Infos, 2 Warnings, 0 Critical Warnings and 0 Errors encountered.
synth_design completed successfully
synth_design: Time (s): cpu = 00:01:30 ; elapsed = 00:01:38 . Memory (MB): peak = 1626.758 ; gain = 957.332
INFO: [Common 17-1381] The checkpoint 'C:/Users/socce/Downloads/Zybo-Z7-10-Pcam-5C-hw.xpr/Zybo-Z7-HW/Zybo-Z7-HW.runs/system_clk_wiz_0_0_synth_1/system_clk_wiz_0_0.dcp' has been generated.
INFO: [Coretcl 2-1648] Added synthesis output to IP cache for IP system_clk_wiz_0_0, cache-ID = d55cfa463cfbc950
INFO: [Common 17-1381] The checkpoint 'C:/Users/socce/Downloads/Zybo-Z7-10-Pcam-5C-hw.xpr/Zybo-Z7-HW/Zybo-Z7-HW.runs/system_clk_wiz_0_0_synth_1/system_clk_wiz_0_0.dcp' has been generated.
INFO: [Vivado 12-24828] Executing command : report_utilization -file system_clk_wiz_0_0_utilization_synth.rpt -pb system_clk_wiz_0_0_utilization_synth.pb
INFO: [Common 17-206] Exiting Vivado at Mon Feb 24 16:47:10 2025...
